<?xml version="1.0" encoding="UTF-8"?>
<!-- Generated by org.testng.reporters.JUnitXMLReporter -->
<testsuite ignored="0" hostname="DESKTOP-G25F7V2" failures="0" tests="4" name="Default test" time="7.622" errors="0" timestamp="2023-08-26T11:41:24 IST">
  <testcase classname="api.test.Usertests" name="testpostuser" time="3.262"/>
  <testcase classname="api.test.Usertests" name="testgetuser" time="1.346"/>
  <testcase classname="api.test.Usertests" name="testupdateuser" time="1.361"/>
  <testcase classname="api.test.Usertests" name="testdeleteuser" time="1.327"/>
</testsuite> <!-- Default test -->
