<?xml version="1.0" encoding="UTF-8"?>
<!-- Generated by org.testng.reporters.JUnitXMLReporter -->
<testsuite ignored="0" hostname="DESKTOP-G25F7V2" failures="1" tests="4" name="Test" time="9.191" errors="0" timestamp="2025-07-19T13:27:53 IST">
  <testcase classname="api.test.Usertests2" name="testpostuser" time="3.65"/>
  <testcase classname="api.test.Usertests2" name="testgetuser" time="1.341"/>
  <testcase classname="api.test.Usertests2" name="testupdateuser" time="1.435"/>
  <testcase classname="api.test.Usertests2" name="testdeleteuser" time="1.448">
    <failure type="java.lang.AssertionError" message="expected [200] but found [404]">
      <![CDATA[java.lang.AssertionError: expected [200] but found [404]
at api.test.Usertests2.testdeleteuser(Usertests2.java:81)
at java.base/java.util.ArrayList.forEach(ArrayList.java:1511)
... Removed 31 stack frames]]>
    </failure>
  </testcase> <!-- testdeleteuser -->
</testsuite> <!-- Test -->
