<?xml version="1.0" encoding="UTF-8"?>
<!-- Generated by org.testng.reporters.JUnitXMLReporter -->
<testsuite ignored="0" hostname="cursor" failures="0" tests="4" name="Test" time="2.68" errors="0" timestamp="2025-07-19T08:38:17 UTC">
  <testcase classname="api.test.Usertests2" name="testpostuser" time="1.208"/>
  <testcase classname="api.test.Usertests2" name="testgetuser" time="0.331"/>
  <testcase classname="api.test.Usertests2" name="testupdateuser" time="0.331"/>
  <testcase classname="api.test.Usertests2" name="testdeleteuser" time="0.327"/>
</testsuite> <!-- Test -->
