<?xml version="1.0" encoding="UTF-8"?>
<!-- Generated by org.testng.reporters.JUnitXMLReporter -->
<testsuite ignored="0" hostname="DESKTOP-G25F7V2" failures="0" tests="4" name="Test" time="19.776" errors="0" timestamp="2023-08-28T22:14:31 IST">
  <testcase classname="api.test.Usertests2" name="testpostuser" time="7.663"/>
  <testcase classname="api.test.Usertests2" name="testgetuser" time="4.315"/>
  <testcase classname="api.test.Usertests2" name="testupdateuser" time="2.872"/>
  <testcase classname="api.test.Usertests2" name="testdeleteuser" time="4.075"/>
</testsuite> <!-- Test -->
