<?xml version="1.0" encoding="UTF-8"?>
<testng-results ignored="0" total="4" passed="4" failed="0" skipped="0">
  <reporter-output>
  </reporter-output>
  <suite started-at="2025-07-19T08:38:14 UTC" name="Suite" finished-at="2025-07-19T08:38:16 UTC" duration-ms="2680">
    <groups>
    </groups>
    <test started-at="2025-07-19T08:38:14 UTC" name="Test" finished-at="2025-07-19T08:38:16 UTC" duration-ms="2680">
      <class name="api.test.Usertests2">
        <test-method is-config="true" signature="setupdata()[pri:0, instance:api.test.Usertests2@1c93084c]" started-at="2025-07-19T08:38:14 UTC" name="setupdata" finished-at="2025-07-19T08:38:14 UTC" duration-ms="363" status="PASS">
          <reporter-output>
          </reporter-output>
        </test-method> <!-- setupdata -->
        <test-method signature="testpostuser()[pri:1, instance:api.test.Usertests2@1c93084c]" started-at="2025-07-19T08:38:14 UTC" name="testpostuser" finished-at="2025-07-19T08:38:15 UTC" duration-ms="1208" status="PASS">
          <reporter-output>
          </reporter-output>
        </test-method> <!-- testpostuser -->
        <test-method signature="testgetuser()[pri:2, instance:api.test.Usertests2@1c93084c]" started-at="2025-07-19T08:38:15 UTC" name="testgetuser" finished-at="2025-07-19T08:38:16 UTC" duration-ms="331" status="PASS">
          <reporter-output>
          </reporter-output>
        </test-method> <!-- testgetuser -->
        <test-method signature="testupdateuser()[pri:3, instance:api.test.Usertests2@1c93084c]" started-at="2025-07-19T08:38:16 UTC" name="testupdateuser" finished-at="2025-07-19T08:38:16 UTC" duration-ms="331" status="PASS">
          <reporter-output>
          </reporter-output>
        </test-method> <!-- testupdateuser -->
        <test-method signature="testdeleteuser()[pri:4, instance:api.test.Usertests2@1c93084c]" started-at="2025-07-19T08:38:16 UTC" name="testdeleteuser" finished-at="2025-07-19T08:38:16 UTC" duration-ms="327" status="PASS">
          <reporter-output>
          </reporter-output>
        </test-method> <!-- testdeleteuser -->
      </class> <!-- api.test.Usertests2 -->
    </test> <!-- Test -->
  </suite> <!-- Suite -->
</testng-results>
