<?xml version="1.0" encoding="UTF-8"?>
<testng-results ignored="0" total="4" passed="4" failed="0" skipped="0">
  <reporter-output>
  </reporter-output>
  <suite started-at="2023-08-28T22:14:11 IST" name="Suite" finished-at="2023-08-28T22:14:30 IST" duration-ms="19776">
    <groups>
    </groups>
    <test started-at="2023-08-28T22:14:11 IST" name="Test" finished-at="2023-08-28T22:14:30 IST" duration-ms="19776">
      <class name="api.test.Usertests2">
        <test-method is-config="true" signature="setupdata()[pri:0, instance:api.test.Usertests2@5f058f00]" started-at="2023-08-28T22:14:11 IST" name="setupdata" finished-at="2023-08-28T22:14:11 IST" duration-ms="627" status="PASS">
          <reporter-output>
          </reporter-output>
        </test-method> <!-- setupdata -->
        <test-method signature="testpostuser()[pri:1, instance:api.test.Usertests2@5f058f00]" started-at="2023-08-28T22:14:11 IST" name="testpostuser" finished-at="2023-08-28T22:14:19 IST" duration-ms="7663" status="PASS">
          <reporter-output>
          </reporter-output>
        </test-method> <!-- testpostuser -->
        <test-method signature="testgetuser()[pri:2, instance:api.test.Usertests2@5f058f00]" started-at="2023-08-28T22:14:19 IST" name="testgetuser" finished-at="2023-08-28T22:14:23 IST" duration-ms="4315" status="PASS">
          <reporter-output>
          </reporter-output>
        </test-method> <!-- testgetuser -->
        <test-method signature="testupdateuser()[pri:3, instance:api.test.Usertests2@5f058f00]" started-at="2023-08-28T22:14:23 IST" name="testupdateuser" finished-at="2023-08-28T22:14:26 IST" duration-ms="2872" status="PASS">
          <reporter-output>
          </reporter-output>
        </test-method> <!-- testupdateuser -->
        <test-method signature="testdeleteuser()[pri:4, instance:api.test.Usertests2@5f058f00]" started-at="2023-08-28T22:14:26 IST" name="testdeleteuser" finished-at="2023-08-28T22:14:30 IST" duration-ms="4075" status="PASS">
          <reporter-output>
          </reporter-output>
        </test-method> <!-- testdeleteuser -->
      </class> <!-- api.test.Usertests2 -->
    </test> <!-- Test -->
  </suite> <!-- Suite -->
</testng-results>
