<?xml version="1.0" encoding="UTF-8"?>
<testng-results ignored="0" total="4" passed="4" failed="0" skipped="0">
  <reporter-output>
  </reporter-output>
  <suite started-at="2025-07-19T14:10:27 IST" name="Suite" finished-at="2025-07-19T14:10:36 IST" duration-ms="9559">
    <groups>
    </groups>
    <test started-at="2025-07-19T14:10:27 IST" name="Test" finished-at="2025-07-19T14:10:36 IST" duration-ms="9559">
      <class name="api.test.Usertests2">
        <test-method is-config="true" signature="setupdata()[pri:0, instance:api.test.Usertests2@10e31a9a]" started-at="2025-07-19T14:10:27 IST" name="setupdata" finished-at="2025-07-19T14:10:28 IST" duration-ms="1039" status="PASS">
          <reporter-output>
          </reporter-output>
        </test-method> <!-- setupdata -->
        <test-method signature="testpostuser()[pri:1, instance:api.test.Usertests2@10e31a9a]" started-at="2025-07-19T14:10:28 IST" name="testpostuser" finished-at="2025-07-19T14:10:32 IST" duration-ms="3925" status="PASS">
          <reporter-output>
          </reporter-output>
        </test-method> <!-- testpostuser -->
        <test-method signature="testgetuser()[pri:2, instance:api.test.Usertests2@10e31a9a]" started-at="2025-07-19T14:10:32 IST" name="testgetuser" finished-at="2025-07-19T14:10:34 IST" duration-ms="1410" status="PASS">
          <reporter-output>
          </reporter-output>
        </test-method> <!-- testgetuser -->
        <test-method signature="testupdateuser()[pri:3, instance:api.test.Usertests2@10e31a9a]" started-at="2025-07-19T14:10:34 IST" name="testupdateuser" finished-at="2025-07-19T14:10:35 IST" duration-ms="1341" status="PASS">
          <reporter-output>
          </reporter-output>
        </test-method> <!-- testupdateuser -->
        <test-method signature="testdeleteuser()[pri:4, instance:api.test.Usertests2@10e31a9a]" started-at="2025-07-19T14:10:35 IST" name="testdeleteuser" finished-at="2025-07-19T14:10:36 IST" duration-ms="1338" status="PASS">
          <reporter-output>
          </reporter-output>
        </test-method> <!-- testdeleteuser -->
      </class> <!-- api.test.Usertests2 -->
    </test> <!-- Test -->
  </suite> <!-- Suite -->
</testng-results>
