<?xml version="1.0" encoding="UTF-8"?>
<!-- Generated by org.testng.reporters.JUnitReportReporter -->
<testsuite hostname="DESKTOP-G25F7V2" failures="0" tests="4" name="api.test.Usertests2" time="8.014" errors="0" timestamp="2025-07-19T14:10:37 IST" skipped="0">
  <testcase classname="api.test.Usertests2" name="testpostuser" time="3.925"/>
  <system-out/>
  <testcase classname="api.test.Usertests2" name="testgetuser" time="1.410"/>
  <system-out/>
  <testcase classname="api.test.Usertests2" name="testupdateuser" time="1.341"/>
  <system-out/>
  <testcase classname="api.test.Usertests2" name="testdeleteuser" time="1.338"/>
  <system-out/>
</testsuite> <!-- api.test.Usertests2 -->
