<?xml version="1.0" encoding="UTF-8"?>
<!-- Generated by org.testng.reporters.JUnitReportReporter -->
<testsuite hostname="cursor" failures="0" tests="4" name="api.test.Usertests2" time="2.197" errors="0" timestamp="2025-07-19T08:38:17 UTC" skipped="0">
  <testcase classname="api.test.Usertests2" name="testpostuser" time="1.208"/>
  <system-out/>
  <testcase classname="api.test.Usertests2" name="testgetuser" time="0.331"/>
  <system-out/>
  <testcase classname="api.test.Usertests2" name="testupdateuser" time="0.331"/>
  <system-out/>
  <testcase classname="api.test.Usertests2" name="testdeleteuser" time="0.327"/>
  <system-out/>
</testsuite> <!-- api.test.Usertests2 -->
